<?xml version="1.0" encoding="UTF-8"?>
<!-- Generated by org.testng.reporters.JUnitReportReporter -->
<testsuite hostname="LAPTOP-GU4DCSBO" failures="0" tests="1" name="test.Sauselogintest" time="7.553" errors="0" timestamp="2023-11-02T22:33:16 IST" skipped="0">
  <testcase classname="test.Sauselogintest" name="testlogin" time="7.553"/>
  <system-out/>
</testsuite> <!-- test.Sauselogintest -->
