<?xml version="1.0" encoding="UTF-8"?>
<!-- Generated by org.testng.reporters.JUnitReportReporter -->
<testsuite hostname="LAPTOP-GU4DCSBO" failures="0" tests="1" name="test.Mavaentest" time="0.016" errors="0" timestamp="2023-11-02T14:22:15 IST" skipped="0">
  <testcase classname="test.Mavaentest" name="titleVerification" time="0.016"/>
  <system-out/>
</testsuite> <!-- test.Mavaentest -->
