<?xml version="1.0" encoding="UTF-8"?>
<!-- Generated by org.testng.reporters.JUnitReportReporter -->
<testsuite hostname="LAPTOP-GU4DCSBO" failures="0" tests="1" name="test.Souselogintest" time="15.177" errors="0" timestamp="2023-11-06T19:50:33 IST" skipped="0">
  <testcase classname="test.Souselogintest" name="login" time="15.177"/>
  <system-out/>
</testsuite> <!-- test.Souselogintest -->
